0 info it worked if it ends with ok
1 verbose cli [ '/usr/bin/node', '/usr/bin/npm', 'start' ]
2 info using npm@3.5.2
3 info using node@v8.10.0
4 verbose run-script [ 'prestart', 'start', 'poststart' ]
5 info lifecycle pokemon-test-repo@1.0.0~prestart: pokemon-test-repo@1.0.0
6 silly lifecycle pokemon-test-repo@1.0.0~prestart: no script for prestart, continuing
7 info lifecycle pokemon-test-repo@1.0.0~start: pokemon-test-repo@1.0.0
8 verbose lifecycle pokemon-test-repo@1.0.0~start: unsafe-perm in lifecycle true
9 verbose lifecycle pokemon-test-repo@1.0.0~start: PATH: /usr/share/npm/bin/node-gyp-bin:/mnt/c/Users/nickm/OneDrive/Documents/acumen/Javascript/Pokemon-Test-Repo/node_modules/.bin:/usr/local/sbin:/usr/local/bin:/usr/sbin:/usr/bin:/sbin:/bin:/usr/games:/usr/local/games:/mnt/c/Program Files (x86)/Common Files/Oracle/Java/javapath:/mnt/c/Program Files (x86)/Intel/iCLS Client/:/mnt/c/Program Files/Intel/iCLS Client/:/mnt/c/Windows/system32:/mnt/c/Windows:/mnt/c/Windows/System32/Wbem:/mnt/c/Windows/System32/WindowsPowerShell/v1.0/:/mnt/c/Program Files (x86)/Intel/Intel(R) Management Engine Components/DAL:/mnt/c/Program Files/Intel/Intel(R) Management Engine Components/DAL:/mnt/c/Program Files (x86)/Intel/Intel(R) Management Engine Components/IPT:/mnt/c/Program Files/Intel/Intel(R) Management Engine Components/IPT:/mnt/c/Program Files (x86)/NVIDIA Corporation/PhysX/Common:/mnt/c/Program Files/Intel/WiFi/bin/:/mnt/c/Program Files/Common Files/Intel/WirelessCommon/:/mnt/c/WINDOWS/system32:/mnt/c/WINDOWS:/mnt/c/WINDOWS/System32/Wbem:/mnt/c/WINDOWS/System32/WindowsPowerShell/v1.0/:/mnt/c/Program Files/PuTTY/:/mnt/c/WINDOWS/System32/OpenSSH/:/mnt/c/Android:/mnt/c/Program Files/swipl/bin:/mnt/c/Program Files (x86)/Windows Kits/10/Windows Performance Toolkit/:/mnt/c/Program Files/Git/cmd:/mnt/c/Program Files/nodejs/:/mnt/c/Users/nickm/AppData/Local/Microsoft/WindowsApps:/mnt/c/Program Files/JetBrains/IntelliJ IDEA Community Edition 2020.2.3/bin:/mnt/c/Users/nickm/AppData/Local/Programs/Microsoft VS Code/bin:/mnt/c/Users/nickm/AppData/Roaming/npm:/snap/bin
10 verbose lifecycle pokemon-test-repo@1.0.0~start: CWD: /mnt/c/Users/nickm/OneDrive/Documents/acumen/Javascript/Pokemon-Test-Repo
11 silly lifecycle pokemon-test-repo@1.0.0~start: Args: [ '-c', 'electron .' ]
12 info lifecycle pokemon-test-repo@1.0.0~start: Failed to exec start script
13 verbose stack Error: pokemon-test-repo@1.0.0 start: `electron .`
13 verbose stack spawn ENOENT
13 verbose stack     at ChildProcess.<anonymous> (/usr/share/npm/lib/utils/spawn.js:17:16)
13 verbose stack     at emitTwo (events.js:126:13)
13 verbose stack     at ChildProcess.emit (events.js:214:7)
13 verbose stack     at maybeClose (internal/child_process.js:925:16)
13 verbose stack     at Process.ChildProcess._handle.onexit (internal/child_process.js:209:5)
14 verbose pkgid pokemon-test-repo@1.0.0
15 verbose cwd /mnt/c/Users/nickm/OneDrive/Documents/acumen/Javascript/Pokemon-Test-Repo
16 error Linux 4.4.0-19041-Microsoft
17 error argv "/usr/bin/node" "/usr/bin/npm" "start"
18 error node v8.10.0
19 error npm  v3.5.2
20 error file sh
21 error code ELIFECYCLE
22 error errno ENOENT
23 error syscall spawn
24 error pokemon-test-repo@1.0.0 start: `electron .`
24 error spawn ENOENT
25 error Failed at the pokemon-test-repo@1.0.0 start script 'electron .'.
25 error Make sure you have the latest version of node.js and npm installed.
25 error If you do, this is most likely a problem with the pokemon-test-repo package,
25 error not with npm itself.
25 error Tell the author that this fails on your system:
25 error     electron .
25 error You can get information on how to open an issue for this project with:
25 error     npm bugs pokemon-test-repo
25 error Or if that isn't available, you can get their info via:
25 error     npm owner ls pokemon-test-repo
25 error There is likely additional logging output above.
26 verbose exit [ 1, true ]
